<?xml version="1.0" encoding="UTF-8"?>
<testsuite name="ru.nsu.tokarev.DeckTest" tests="3" skipped="0" failures="0" errors="0" timestamp="2025-09-18T15:45:14" hostname="fedora" time="0.005">
  <properties/>
  <testcase name="testDealReducesDeckSize()" classname="ru.nsu.tokarev.DeckTest" time="0.002"/>
  <testcase name="testNewDeckHas52Cards()" classname="ru.nsu.tokarev.DeckTest" time="0.001"/>
  <testcase name="testShuffleChangesCardOrder()" classname="ru.nsu.tokarev.DeckTest" time="0.001"/>
  <system-out><![CDATA[]]></system-out>
  <system-err><![CDATA[]]></system-err>
</testsuite>
