<?xml version="1.0" encoding="UTF-8"?>
<testsuite name="ru.nsu.tokarev.GameLogicTest" tests="2" skipped="0" failures="0" errors="0" timestamp="2025-09-18T15:45:14" hostname="fedora" time="0.01">
  <properties/>
  <testcase name="testPlayerGetsBlackjack()" classname="ru.nsu.tokarev.GameLogicTest" time="0.008"/>
  <testcase name="testPlayerHitsAndBusts()" classname="ru.nsu.tokarev.GameLogicTest" time="0.002"/>
  <system-out><![CDATA[]]></system-out>
  <system-err><![CDATA[]]></system-err>
</testsuite>
