<?xml version="1.0" encoding="UTF-8"?>
<testsuite name="ru.nsu.tokarev.GameLogicTest" tests="2" skipped="0" failures="0" errors="0" timestamp="2025-09-18T15:55:24" hostname="fedora" time="0.016">
  <properties/>
  <testcase name="testPlayerGetsBlackjack()" classname="ru.nsu.tokarev.GameLogicTest" time="0.014"/>
  <testcase name="testPlayerHitsAndBusts()" classname="ru.nsu.tokarev.GameLogicTest" time="0.001"/>
  <system-out><![CDATA[]]></system-out>
  <system-err><![CDATA[]]></system-err>
</testsuite>
