<?xml version="1.0" encoding="UTF-8"?>
<testsuite name="ru.nsu.tokarev.DeckTest" tests="3" skipped="0" failures="0" errors="0" timestamp="2025-09-18T13:07:32" hostname="fedora" time="0.013">
  <properties/>
  <testcase name="testDealReducesDeckSize()" classname="ru.nsu.tokarev.DeckTest" time="0.003"/>
  <testcase name="testNewDeckHas52Cards()" classname="ru.nsu.tokarev.DeckTest" time="0.003"/>
  <testcase name="testShuffleChangesCardOrder()" classname="ru.nsu.tokarev.DeckTest" time="0.004"/>
  <system-out><![CDATA[]]></system-out>
  <system-err><![CDATA[]]></system-err>
</testsuite>
