<?xml version="1.0" encoding="UTF-8"?>
<testsuite name="ru.nsu.tokarev.DealerTest" tests="2" skipped="0" failures="0" errors="0" timestamp="2025-09-18T15:55:24" hostname="fedora" time="0.046">
  <properties/>
  <testcase name="testGetDealerFirstCardWhenHandIsEmpty()" classname="ru.nsu.tokarev.DealerTest" time="0.031"/>
  <testcase name="testGetDealerFirstCardWithCardsInHand()" classname="ru.nsu.tokarev.DealerTest" time="0.013"/>
  <system-out><![CDATA[]]></system-out>
  <system-err><![CDATA[]]></system-err>
</testsuite>
